<?xml version="1.0" encoding="UTF-8"?>
<!-- Generated by org.testng.reporters.JUnitXMLReporter -->
<testsuite ignored="0" hostname="DESKTOP-ER1B2KO" failures="0" tests="4" name="Default test" time="0.073" errors="0" timestamp="2025-03-11T12:59:09 IST">
  <testcase classname="testCases.test" name="b" time="0.015"/>
  <testcase classname="testCases.test" name="c" time="0.001"/>
  <testcase classname="testCases.test" name="a" time="0.001"/>
  <testcase classname="testCases.test" name="d" time="0.001"/>
</testsuite> <!-- Default test -->
