<?xml version="1.0" encoding="UTF-8"?>
<testng-results ignored="0" total="4" passed="4" failed="0" skipped="0">
  <reporter-output>
  </reporter-output>
  <suite started-at="2025-03-11T12:59:09 IST" name="Default suite" finished-at="2025-03-11T12:59:09 IST" duration-ms="73">
    <groups>
    </groups>
    <test started-at="2025-03-11T12:59:09 IST" name="Default test" finished-at="2025-03-11T12:59:09 IST" duration-ms="73">
      <class name="testCases.test">
        <test-method signature="b()[pri:0, instance:testCases.test@20ce78ec]" started-at="2025-03-11T12:59:09 IST" name="b" finished-at="2025-03-11T12:59:09 IST" duration-ms="15" status="PASS">
          <reporter-output>
          </reporter-output>
        </test-method> <!-- b -->
        <test-method signature="c()[pri:0, instance:testCases.test@20ce78ec]" started-at="2025-03-11T12:59:09 IST" name="c" finished-at="2025-03-11T12:59:09 IST" duration-ms="1" status="PASS">
          <reporter-output>
          </reporter-output>
        </test-method> <!-- c -->
        <test-method signature="a()[pri:1, instance:testCases.test@20ce78ec]" started-at="2025-03-11T12:59:09 IST" name="a" finished-at="2025-03-11T12:59:09 IST" duration-ms="1" status="PASS">
          <reporter-output>
          </reporter-output>
        </test-method> <!-- a -->
        <test-method signature="d()[pri:2, instance:testCases.test@20ce78ec]" started-at="2025-03-11T12:59:09 IST" name="d" finished-at="2025-03-11T12:59:09 IST" duration-ms="1" status="PASS">
          <reporter-output>
          </reporter-output>
        </test-method> <!-- d -->
      </class> <!-- testCases.test -->
    </test> <!-- Default test -->
  </suite> <!-- Default suite -->
</testng-results>
